\BOOKMARK [0][-]{chapter.1}{\376\377\0001\000\040\000B\000l\000o\000g\000\040\000S\000i\000t\000e\000s\000i\000\040\000V\000e\000r\000i\000\040\000K\000a\000z\001\061\000m\000a\000\040\000P\000r\000o\000j\000e\000s\000i}{}% 1
\BOOKMARK [0][-]{chapter.2}{\376\377\0002\000\040\000N\000a\000m\000e\000s\000p\000a\000c\000e\000\040\000I\000n\000d\000e\000x}{}% 2
\BOOKMARK [1][-]{section.2.1}{\376\377\0002\000.\0001\000\040\000N\000a\000m\000e\000s\000p\000a\000c\000e\000\040\000L\000i\000s\000t}{chapter.2}% 3
\BOOKMARK [0][-]{chapter.3}{\376\377\0003\000\040\000H\000i\000e\000r\000a\000r\000c\000h\000i\000c\000a\000l\000\040\000I\000n\000d\000e\000x}{}% 4
\BOOKMARK [1][-]{section.3.1}{\376\377\0003\000.\0001\000\040\000C\000l\000a\000s\000s\000\040\000H\000i\000e\000r\000a\000r\000c\000h\000y}{chapter.3}% 5
\BOOKMARK [0][-]{chapter.4}{\376\377\0004\000\040\000C\000l\000a\000s\000s\000\040\000I\000n\000d\000e\000x}{}% 6
\BOOKMARK [1][-]{section.4.1}{\376\377\0004\000.\0001\000\040\000C\000l\000a\000s\000s\000\040\000L\000i\000s\000t}{chapter.4}% 7
\BOOKMARK [0][-]{chapter.5}{\376\377\0005\000\040\000F\000i\000l\000e\000\040\000I\000n\000d\000e\000x}{}% 8
\BOOKMARK [1][-]{section.5.1}{\376\377\0005\000.\0001\000\040\000F\000i\000l\000e\000\040\000L\000i\000s\000t}{chapter.5}% 9
\BOOKMARK [0][-]{chapter.6}{\376\377\0006\000\040\000N\000a\000m\000e\000s\000p\000a\000c\000e\000\040\000D\000o\000c\000u\000m\000e\000n\000t\000a\000t\000i\000o\000n}{}% 10
\BOOKMARK [1][-]{section.6.1}{\376\377\0006\000.\0001\000\040\000d\000a\000t\000a\000\137\000s\000c\000r\000a\000p\000i\000n\000g\000\040\000N\000a\000m\000e\000s\000p\000a\000c\000e\000\040\000R\000e\000f\000e\000r\000e\000n\000c\000e}{chapter.6}% 11
\BOOKMARK [2][-]{subsection.6.1.1}{\376\377\0006\000.\0001\000.\0001\000\040\000F\000u\000n\000c\000t\000i\000o\000n\000\040\000D\000o\000c\000u\000m\000e\000n\000t\000a\000t\000i\000o\000n}{section.6.1}% 12
\BOOKMARK [3][-]{subsubsection.6.1.1.1}{\376\377\0006\000.\0001\000.\0001\000.\0001\000\040\000s\000c\000r\000a\000p\000e\000\050\000\051}{subsection.6.1.1}% 13
\BOOKMARK [2][-]{subsection.6.1.2}{\376\377\0006\000.\0001\000.\0002\000\040\000V\000a\000r\000i\000a\000b\000l\000e\000\040\000D\000o\000c\000u\000m\000e\000n\000t\000a\000t\000i\000o\000n}{section.6.1}% 14
\BOOKMARK [3][-]{subsubsection.6.1.2.1}{\376\377\0006\000.\0001\000.\0002\000.\0001\000\040\000a\000p\000p}{subsection.6.1.2}% 15
\BOOKMARK [3][-]{subsubsection.6.1.2.2}{\376\377\0006\000.\0001\000.\0002\000.\0002\000\040\000m\000a\000i\000n\000W\000i\000n}{subsection.6.1.2}% 16
\BOOKMARK [1][-]{section.6.2}{\376\377\0006\000.\0002\000\040\000M\000y\000M\000o\000d\000u\000l\000e\000\040\000N\000a\000m\000e\000s\000p\000a\000c\000e\000\040\000R\000e\000f\000e\000r\000e\000n\000c\000e}{chapter.6}% 17
\BOOKMARK [2][-]{subsection.6.2.1}{\376\377\0006\000.\0002\000.\0001\000\040\000D\000e\000t\000a\000i\000l\000e\000d\000\040\000D\000e\000s\000c\000r\000i\000p\000t\000i\000o\000n}{section.6.2}% 18
\BOOKMARK [0][-]{chapter.7}{\376\377\0007\000\040\000C\000l\000a\000s\000s\000\040\000D\000o\000c\000u\000m\000e\000n\000t\000a\000t\000i\000o\000n}{}% 19
\BOOKMARK [1][-]{section.7.1}{\376\377\0007\000.\0001\000\040\000d\000a\000t\000a\000\137\000s\000c\000r\000a\000p\000i\000n\000g\000.\000M\000a\000i\000n\000W\000i\000n\000d\000o\000w\000\040\000C\000l\000a\000s\000s\000\040\000R\000e\000f\000e\000r\000e\000n\000c\000e}{chapter.7}% 20
\BOOKMARK [2][-]{subsection.7.1.1}{\376\377\0007\000.\0001\000.\0001\000\040\000C\000o\000n\000s\000t\000r\000u\000c\000t\000o\000r\000\040\000\046\000\040\000D\000e\000s\000t\000r\000u\000c\000t\000o\000r\000\040\000D\000o\000c\000u\000m\000e\000n\000t\000a\000t\000i\000o\000n}{section.7.1}% 21
\BOOKMARK [3][-]{subsubsection.7.1.1.1}{\376\377\0007\000.\0001\000.\0001\000.\0001\000\040\000\137\000\137\000i\000n\000i\000t\000\137\000\137\000\050\000\051}{subsection.7.1.1}% 22
\BOOKMARK [2][-]{subsection.7.1.2}{\376\377\0007\000.\0001\000.\0002\000\040\000M\000e\000m\000b\000e\000r\000\040\000F\000u\000n\000c\000t\000i\000o\000n\000\040\000D\000o\000c\000u\000m\000e\000n\000t\000a\000t\000i\000o\000n}{section.7.1}% 23
\BOOKMARK [3][-]{subsubsection.7.1.2.1}{\376\377\0007\000.\0001\000.\0002\000.\0001\000\040\000i\000n\000i\000t\000U\000I\000\050\000\051}{subsection.7.1.2}% 24
\BOOKMARK [3][-]{subsubsection.7.1.2.2}{\376\377\0007\000.\0001\000.\0002\000.\0002\000\040\000s\000c\000r\000a\000p\000e\000\137\000a\000n\000d\000\137\000s\000h\000o\000w\000\050\000\051}{subsection.7.1.2}% 25
\BOOKMARK [3][-]{subsubsection.7.1.2.3}{\376\377\0007\000.\0001\000.\0002\000.\0003\000\040\000s\000h\000o\000w\000\137\000c\000o\000n\000t\000e\000n\000t\000\137\000w\000i\000n\000d\000o\000w\000\050\000\051}{subsection.7.1.2}% 26
\BOOKMARK [3][-]{subsubsection.7.1.2.4}{\376\377\0007\000.\0001\000.\0002\000.\0004\000\040\000s\000h\000o\000w\000\137\000e\000r\000r\000o\000r\000\050\000\051}{subsection.7.1.2}% 27
\BOOKMARK [2][-]{subsection.7.1.3}{\376\377\0007\000.\0001\000.\0003\000\040\000M\000e\000m\000b\000e\000r\000\040\000D\000a\000t\000a\000\040\000D\000o\000c\000u\000m\000e\000n\000t\000a\000t\000i\000o\000n}{section.7.1}% 28
\BOOKMARK [3][-]{subsubsection.7.1.3.1}{\376\377\0007\000.\0001\000.\0003\000.\0001\000\040\000b\000a\000s\000l\000i\000k\000\137\000l\000a\000y\000o\000u\000t}{subsection.7.1.3}% 29
\BOOKMARK [3][-]{subsubsection.7.1.3.2}{\376\377\0007\000.\0001\000.\0003\000.\0002\000\040\000b\000a\000s\000l\000i\000k\000\137\000t\000a\000b}{subsection.7.1.3}% 30
\BOOKMARK [3][-]{subsubsection.7.1.3.3}{\376\377\0007\000.\0001\000.\0003\000.\0003\000\040\000b\000a\000s\000l\000i\000k\000\137\000t\000e\000x\000t}{subsection.7.1.3}% 31
\BOOKMARK [3][-]{subsubsection.7.1.3.4}{\376\377\0007\000.\0001\000.\0003\000.\0004\000\040\000c\000o\000n\000t\000e\000n\000t\000\137\000l\000a\000y\000o\000u\000t}{subsection.7.1.3}% 32
\BOOKMARK [3][-]{subsubsection.7.1.3.5}{\376\377\0007\000.\0001\000.\0003\000.\0005\000\040\000c\000o\000n\000t\000e\000n\000t\000\137\000w\000i\000n\000d\000o\000w}{subsection.7.1.3}% 33
\BOOKMARK [3][-]{subsubsection.7.1.3.6}{\376\377\0007\000.\0001\000.\0003\000.\0006\000\040\000i\000c\000e\000r\000i\000k\000\137\000l\000a\000y\000o\000u\000t}{subsection.7.1.3}% 34
\BOOKMARK [3][-]{subsubsection.7.1.3.7}{\376\377\0007\000.\0001\000.\0003\000.\0007\000\040\000i\000c\000e\000r\000i\000k\000\137\000t\000a\000b}{subsection.7.1.3}% 35
\BOOKMARK [3][-]{subsubsection.7.1.3.8}{\376\377\0007\000.\0001\000.\0003\000.\0008\000\040\000i\000c\000e\000r\000i\000k\000\137\000t\000e\000x\000t}{subsection.7.1.3}% 36
\BOOKMARK [3][-]{subsubsection.7.1.3.9}{\376\377\0007\000.\0001\000.\0003\000.\0009\000\040\000l\000a\000y\000o\000u\000t}{subsection.7.1.3}% 37
\BOOKMARK [3][-]{subsubsection.7.1.3.10}{\376\377\0007\000.\0001\000.\0003\000.\0001\0000\000\040\000l\000i\000n\000k\000l\000e\000r\000\137\000l\000a\000y\000o\000u\000t}{subsection.7.1.3}% 38
\BOOKMARK [3][-]{subsubsection.7.1.3.11}{\376\377\0007\000.\0001\000.\0003\000.\0001\0001\000\040\000l\000i\000n\000k\000l\000e\000r\000\137\000t\000a\000b}{subsection.7.1.3}% 39
\BOOKMARK [3][-]{subsubsection.7.1.3.12}{\376\377\0007\000.\0001\000.\0003\000.\0001\0002\000\040\000l\000i\000n\000k\000l\000e\000r\000\137\000t\000e\000x\000t}{subsection.7.1.3}% 40
\BOOKMARK [3][-]{subsubsection.7.1.3.13}{\376\377\0007\000.\0001\000.\0003\000.\0001\0003\000\040\000p\000o\000s\000t\000\137\000l\000i\000n\000k\000\137\000l\000a\000y\000o\000u\000t}{subsection.7.1.3}% 41
\BOOKMARK [3][-]{subsubsection.7.1.3.14}{\376\377\0007\000.\0001\000.\0003\000.\0001\0004\000\040\000p\000o\000s\000t\000\137\000l\000i\000n\000k\000\137\000t\000a\000b}{subsection.7.1.3}% 42
\BOOKMARK [3][-]{subsubsection.7.1.3.15}{\376\377\0007\000.\0001\000.\0003\000.\0001\0005\000\040\000p\000o\000s\000t\000\137\000l\000i\000n\000k\000\137\000t\000e\000x\000t}{subsection.7.1.3}% 43
\BOOKMARK [3][-]{subsubsection.7.1.3.16}{\376\377\0007\000.\0001\000.\0003\000.\0001\0006\000\040\000s\000c\000r\000a\000p\000e\000\137\000a\000n\000d\000\137\000s\000h\000o\000w}{subsection.7.1.3}% 44
\BOOKMARK [3][-]{subsubsection.7.1.3.17}{\376\377\0007\000.\0001\000.\0003\000.\0001\0007\000\040\000s\000c\000r\000a\000p\000e\000\137\000b\000u\000t\000t\000o\000n}{subsection.7.1.3}% 45
\BOOKMARK [3][-]{subsubsection.7.1.3.18}{\376\377\0007\000.\0001\000.\0003\000.\0001\0008\000\040\000s\000h\000o\000w\000\137\000c\000o\000n\000t\000e\000n\000t\000\137\000w\000i\000n\000d\000o\000w}{subsection.7.1.3}% 46
\BOOKMARK [3][-]{subsubsection.7.1.3.19}{\376\377\0007\000.\0001\000.\0003\000.\0001\0009\000\040\000s\000h\000o\000w\000\137\000e\000r\000r\000o\000r}{subsection.7.1.3}% 47
\BOOKMARK [3][-]{subsubsection.7.1.3.20}{\376\377\0007\000.\0001\000.\0003\000.\0002\0000\000\040\000t\000a\000b\000s}{subsection.7.1.3}% 48
\BOOKMARK [3][-]{subsubsection.7.1.3.21}{\376\377\0007\000.\0001\000.\0003\000.\0002\0001\000\040\000t\000h\000r\000e\000a\000d}{subsection.7.1.3}% 49
\BOOKMARK [3][-]{subsubsection.7.1.3.22}{\376\377\0007\000.\0001\000.\0003\000.\0002\0002\000\040\000u\000r\000l\000\137\000i\000n\000p\000u\000t}{subsection.7.1.3}% 50
\BOOKMARK [3][-]{subsubsection.7.1.3.23}{\376\377\0007\000.\0001\000.\0003\000.\0002\0003\000\040\000u\000r\000l\000\137\000l\000a\000b\000e\000l}{subsection.7.1.3}% 51
\BOOKMARK [3][-]{subsubsection.7.1.3.24}{\376\377\0007\000.\0001\000.\0003\000.\0002\0004\000\040\000y\000a\000z\000a\000r\000l\000a\000r\000\137\000l\000a\000y\000o\000u\000t}{subsection.7.1.3}% 52
\BOOKMARK [3][-]{subsubsection.7.1.3.25}{\376\377\0007\000.\0001\000.\0003\000.\0002\0005\000\040\000y\000a\000z\000a\000r\000l\000a\000r\000\137\000t\000a\000b}{subsection.7.1.3}% 53
\BOOKMARK [3][-]{subsubsection.7.1.3.26}{\376\377\0007\000.\0001\000.\0003\000.\0002\0006\000\040\000y\000a\000z\000a\000r\000l\000a\000r\000\137\000t\000e\000x\000t}{subsection.7.1.3}% 54
\BOOKMARK [1][-]{section.7.2}{\376\377\0007\000.\0002\000\040\000d\000a\000t\000a\000\137\000s\000c\000r\000a\000p\000i\000n\000g\000.\000S\000c\000r\000a\000p\000e\000T\000h\000r\000e\000a\000d\000\040\000C\000l\000a\000s\000s\000\040\000R\000e\000f\000e\000r\000e\000n\000c\000e}{chapter.7}% 55
\BOOKMARK [2][-]{subsection.7.2.1}{\376\377\0007\000.\0002\000.\0001\000\040\000C\000o\000n\000s\000t\000r\000u\000c\000t\000o\000r\000\040\000\046\000\040\000D\000e\000s\000t\000r\000u\000c\000t\000o\000r\000\040\000D\000o\000c\000u\000m\000e\000n\000t\000a\000t\000i\000o\000n}{section.7.2}% 56
\BOOKMARK [3][-]{subsubsection.7.2.1.1}{\376\377\0007\000.\0002\000.\0001\000.\0001\000\040\000\137\000\137\000i\000n\000i\000t\000\137\000\137\000\050\000\051}{subsection.7.2.1}% 57
\BOOKMARK [2][-]{subsection.7.2.2}{\376\377\0007\000.\0002\000.\0002\000\040\000M\000e\000m\000b\000e\000r\000\040\000F\000u\000n\000c\000t\000i\000o\000n\000\040\000D\000o\000c\000u\000m\000e\000n\000t\000a\000t\000i\000o\000n}{section.7.2}% 58
\BOOKMARK [3][-]{subsubsection.7.2.2.1}{\376\377\0007\000.\0002\000.\0002\000.\0001\000\040\000r\000u\000n\000\050\000\051}{subsection.7.2.2}% 59
\BOOKMARK [2][-]{subsection.7.2.3}{\376\377\0007\000.\0002\000.\0003\000\040\000M\000e\000m\000b\000e\000r\000\040\000D\000a\000t\000a\000\040\000D\000o\000c\000u\000m\000e\000n\000t\000a\000t\000i\000o\000n}{section.7.2}% 60
\BOOKMARK [3][-]{subsubsection.7.2.3.1}{\376\377\0007\000.\0002\000.\0003\000.\0001\000\040\000e\000r\000r\000o\000r}{subsection.7.2.3}% 61
\BOOKMARK [3][-]{subsubsection.7.2.3.2}{\376\377\0007\000.\0002\000.\0003\000.\0002\000\040\000f\000i\000n\000i\000s\000h\000e\000d}{subsection.7.2.3}% 62
\BOOKMARK [3][-]{subsubsection.7.2.3.3}{\376\377\0007\000.\0002\000.\0003\000.\0003\000\040\000u\000r\000l}{subsection.7.2.3}% 63
\BOOKMARK [0][-]{chapter.8}{\376\377\0008\000\040\000F\000i\000l\000e\000\040\000D\000o\000c\000u\000m\000e\000n\000t\000a\000t\000i\000o\000n}{}% 64
\BOOKMARK [1][-]{section.8.1}{\376\377\0008\000.\0001\000\040\000d\000a\000t\000a\000\137\000s\000c\000r\000a\000p\000i\000n\000g\000.\000p\000y\000\040\000F\000i\000l\000e\000\040\000R\000e\000f\000e\000r\000e\000n\000c\000e}{chapter.8}% 65
\BOOKMARK [2][-]{subsection.8.1.1}{\376\377\0008\000.\0001\000.\0001\000\040\000D\000e\000t\000a\000i\000l\000e\000d\000\040\000D\000e\000s\000c\000r\000i\000p\000t\000i\000o\000n}{section.8.1}% 66
\BOOKMARK [1][-]{section.8.2}{\376\377\0008\000.\0002\000\040\000R\000E\000A\000D\000M\000E\000.\000m\000d\000\040\000F\000i\000l\000e\000\040\000R\000e\000f\000e\000r\000e\000n\000c\000e}{chapter.8}% 67
